    1  docker stop cdntos7
    2  ocker stop centos7
    3  docker stop centos7
    4  ls
    5  cd root
    6  ls
    7  cd server_lesson
    8  ls
    9  cd README.md
   10  vi README.md
   11  ls
   12  cd ..
   13  ls
   14  cd server_lesson
   15  pwd
   16  ls
   17  mkdir -p linux_practice2/documents
   18  ls
   19  cd linux_practice2
   20  pwd
   21  touch gizumo{01..50}.md
   22  ls
   23  mkdir trash && cd trash
   24  pwd
   25  cd //
   26  cd ..
   27  cd root
   28  cd serber_lesson
   29  ls
   30  cd server_lesson
   31  ls
   32  cd linux_practice2
   33  ls
   34  mv gizumo{01..50}.md documents
   35  ls
   36  cd documents
   37  ls
   38  mv gizumo{20..40}.md trash
   39  pwd
   40  mv gizumo{20..40}.md //root/server_lesson/linux_practice2/trash
   41  ls
   42  cd ..
   43  ls
   44  cd trash
   45  ls
   46  cd ..
   47  mkdir .gitignore
   48  ls
   49  touch .gitignore
   50  ls
   51  ls
   52  ls -a
   53  rm -r .gitignore
   54  ls -a
   55  ls -la
   56  touch .gitignore
   57  ls
   58  ls -a
   59  vi .gitignore
   60  cat .gitignore
   61  touch exec_command.log
   62  ls
   63  cd exec_command.log
   64  ls
   65  history 300 > exec_command.log
